# JRE version: OpenJDK Runtime Environment OpenLogic-OpenJDK (17.0.9+9) (build 17.0.9+9-adhoc..jdk17u)
# Java VM: OpenJDK 64-Bit Server VM OpenLogic-OpenJDK (17.0.9+9-adhoc..jdk17u, mixed mode, sharing, tiered, compressed oops, compressed class ptrs, g1 gc, windows-amd64)
GC Precious Log:
 CPUs: 12 total, 12 available
 Memory: 7528M
 Large Page Support: Disabled
 NUMA Support: Disabled
 Compressed Oops: Enabled (32-bit)
 Heap Region Size: 1M
 Heap Min Capacity: 8M
 Heap Initial Capacity: 118M
 Heap Max Capacity: 1884M
 Pre-touch: Disabled
 Parallel Workers: 10
 Concurrent Workers: 3
 Concurrent Refinement Workers: 10
 Periodic GC: Disabled
Heap:
 garbage-first heap   total 66560K, used 31853K [0x000000008a400000, 0x0000000100000000)
  region size 1024K, 3 young (3072K), 2 survivors (2048K)
 Metaspace       used 68415K, committed 69248K, reserved 1114112K
  class space    used 9128K, committed 9472K, reserved 1048576K
GC Heap History (20 events):
Event: 9.150 GC heap before
{Heap before GC invocations=11 (full 0):
 garbage-first heap   total 55296K, used 40866K [0x000000008a400000, 0x0000000100000000)
  region size 1024K, 23 young (23552K), 3 survivors (3072K)
 Metaspace       used 47047K, committed 47552K, reserved 1114112K
  class space    used 6057K, committed 6272K, reserved 1048576K
}
Event: 9.155 GC heap after
{Heap after GC invocations=12 (full 0):
 garbage-first heap   total 55296K, used 22939K [0x000000008a400000, 0x0000000100000000)
  region size 1024K, 2 young (2048K), 2 survivors (2048K)
 Metaspace       used 47047K, committed 47552K, reserved 1114112K
  class space    used 6057K, committed 6272K, reserved 1048576K
}
Event: 9.798 GC heap before
{Heap before GC invocations=12 (full 0):
 garbage-first heap   total 55296K, used 41371K [0x000000008a400000, 0x0000000100000000)
  region size 1024K, 21 young (21504K), 2 survivors (2048K)
 Metaspace       used 52534K, committed 52928K, reserved 1114112K
  class space    used 6845K, committed 7040K, reserved 1048576K
}
Event: 9.802 GC heap after
{Heap after GC invocations=13 (full 0):
 garbage-first heap   total 55296K, used 23380K [0x000000008a400000, 0x0000000100000000)
  region size 1024K, 2 young (2048K), 2 survivors (2048K)
 Metaspace       used 52534K, committed 52928K, reserved 1114112K
  class space    used 6845K, committed 7040K, reserved 1048576K
}
Event: 10.383 GC heap before
{Heap before GC invocations=13 (full 0):
 garbage-first heap   total 55296K, used 42836K [0x000000008a400000, 0x0000000100000000)
  region size 1024K, 21 young (21504K), 2 survivors (2048K)
 Metaspace       used 56425K, committed 56960K, reserved 1114112K
  class space    used 7486K, committed 7744K, reserved 1048576K
}
Event: 10.386 GC heap after
{Heap after GC invocations=14 (full 0):
 garbage-first heap   total 55296K, used 24068K [0x000000008a400000, 0x0000000100000000)
  region size 1024K, 2 young (2048K), 2 survivors (2048K)
 Metaspace       used 56425K, committed 56960K, reserved 1114112K
  class space    used 7486K, committed 7744K, reserved 1048576K
}
Event: 10.917 GC heap before
{Heap before GC invocations=14 (full 0):
 garbage-first heap   total 55296K, used 41476K [0x000000008a400000, 0x0000000100000000)
  region size 1024K, 20 young (20480K), 2 survivors (2048K)
 Metaspace       used 59578K, committed 60096K, reserved 1114112K
  class space    used 7912K, committed 8192K, reserved 1048576K
}
Event: 10.922 GC heap after
{Heap after GC invocations=15 (full 0):
 garbage-first heap   total 55296K, used 25490K [0x000000008a400000, 0x0000000100000000)
  region size 1024K, 3 young (3072K), 3 survivors (3072K)
 Metaspace       used 59578K, committed 60096K, reserved 1114112K
  class space    used 7912K, committed 8192K, reserved 1048576K
}
Event: 11.503 GC heap before
{Heap before GC invocations=16 (full 0):
 garbage-first heap   total 55296K, used 43922K [0x000000008a400000, 0x0000000100000000)
  region size 1024K, 21 young (21504K), 3 survivors (3072K)
 Metaspace       used 62292K, committed 62848K, reserved 1114112K
  class space    used 8351K, committed 8640K, reserved 1048576K
}
Event: 11.509 GC heap after
{Heap after GC invocations=17 (full 0):
 garbage-first heap   total 55296K, used 26991K [0x000000008a400000, 0x0000000100000000)
  region size 1024K, 3 young (3072K), 3 survivors (3072K)
 Metaspace       used 62292K, committed 62848K, reserved 1114112K
  class space    used 8351K, committed 8640K, reserved 1048576K
}
Event: 12.066 GC heap before
{Heap before GC invocations=18 (full 0):
 garbage-first heap   total 55296K, used 43375K [0x000000008a400000, 0x0000000100000000)
  region size 1024K, 19 young (19456K), 3 survivors (3072K)
 Metaspace       used 64430K, committed 64960K, reserved 1114112K
  class space    used 8649K, committed 8896K, reserved 1048576K
}
Event: 12.072 GC heap after
{Heap after GC invocations=19 (full 0):
 garbage-first heap   total 55296K, used 28310K [0x000000008a400000, 0x0000000100000000)
  region size 1024K, 3 young (3072K), 3 survivors (3072K)
 Metaspace       used 64430K, committed 64960K, reserved 1114112K
  class space    used 8649K, committed 8896K, reserved 1048576K
}
Event: 12.574 GC heap before
{Heap before GC invocations=19 (full 0):
 garbage-first heap   total 55296K, used 43670K [0x000000008a400000, 0x0000000100000000)
  region size 1024K, 18 young (18432K), 3 survivors (3072K)
 Metaspace       used 66036K, committed 66560K, reserved 1114112K
  class space    used 8890K, committed 9152K, reserved 1048576K
}
Event: 12.580 GC heap after
{Heap after GC invocations=20 (full 0):
 garbage-first heap   total 66560K, used 29959K [0x000000008a400000, 0x0000000100000000)
  region size 1024K, 3 young (3072K), 3 survivors (3072K)
 Metaspace       used 66036K, committed 66560K, reserved 1114112K
  class space    used 8890K, committed 9152K, reserved 1048576K
}
Event: 458.795 GC heap before
{Heap before GC invocations=21 (full 0):
 garbage-first heap   total 66560K, used 52487K [0x000000008a400000, 0x0000000100000000)
  region size 1024K, 26 young (26624K), 3 survivors (3072K)
 Metaspace       used 67878K, committed 68480K, reserved 1114112K
  class space    used 9103K, committed 9408K, reserved 1048576K
}
Event: 458.833 GC heap after
{Heap after GC invocations=22 (full 0):
 garbage-first heap   total 66560K, used 30708K [0x000000008a400000, 0x0000000100000000)
  region size 1024K, 3 young (3072K), 3 survivors (3072K)
 Metaspace       used 67878K, committed 68480K, reserved 1114112K
  class space    used 9103K, committed 9408K, reserved 1048576K
}
Event: 22212.401 GC heap before
{Heap before GC invocations=22 (full 0):
 garbage-first heap   total 66560K, used 51188K [0x000000008a400000, 0x0000000100000000)
  region size 1024K, 24 young (24576K), 3 survivors (3072K)
 Metaspace       used 68643K, committed 69248K, reserved 1114112K
  class space    used 9186K, committed 9472K, reserved 1048576K
}
Event: 22212.607 GC heap after
{Heap after GC invocations=23 (full 0):
 garbage-first heap   total 66560K, used 31837K [0x000000008a400000, 0x0000000100000000)
  region size 1024K, 2 young (2048K), 2 survivors (2048K)
 Metaspace       used 68643K, committed 69248K, reserved 1114112K
  class space    used 9186K, committed 9472K, reserved 1048576K
}
Event: 22959.417 GC heap before
{Heap before GC invocations=23 (full 0):
 garbage-first heap   total 66560K, used 53341K [0x000000008a400000, 0x0000000100000000)
  region size 1024K, 23 young (23552K), 2 survivors (2048K)
 Metaspace       used 68664K, committed 69248K, reserved 1114112K
  class space    used 9186K, committed 9472K, reserved 1048576K
}
Event: 22959.683 GC heap after
{Heap after GC invocations=24 (full 0):
 garbage-first heap   total 66560K, used 31853K [0x000000008a400000, 0x0000000100000000)
  region size 1024K, 2 young (2048K), 2 survivors (2048K)
 Metaspace       used 68664K, committed 69248K, reserved 1114112K
  class space    used 9186K, committed 9472K, reserved 1048576K
}

